# JRE version: Java(TM) SE Runtime Environment (21.0.9+7) (build 21.0.9+7-LTS-338)
# Java VM: Java HotSpot(TM) 64-Bit Server VM (21.0.9+7-LTS-338, mixed mode, sharing, tiered, compressed oops, compressed class ptrs, parallel gc, windows-amd64)
GC Precious Log:
 CardTable entry size: 512
 CPUs: 16 total, 16 available
 Memory: 32469M
 Large Page Support: Disabled
 NUMA Support: Disabled
 Compressed Oops: Enabled (32-bit)
 Alignments: Space 512K, Generation 512K, Heap 2M
 Heap Min Capacity: 100M
 Heap Initial Capacity: 100M
 Heap Max Capacity: 2G
 Pre-touch: Disabled
 Parallel Workers: 13
Heap:
 PSYoungGen      total 32256K, used 29696K [0x00000000d5580000, 0x00000000d7a00000, 0x0000000100000000)
  eden space 29696K, 100% used [0x00000000d5580000,0x00000000d7280000,0x00000000d7280000)
  from space 2560K, 0% used [0x00000000d7600000,0x00000000d7600000,0x00000000d7880000)
  to   space 3584K, 0% used [0x00000000d7280000,0x00000000d7280000,0x00000000d7600000)
 ParOldGen       total 1398272K, used 1397868K [0x0000000080000000, 0x00000000d5580000, 0x00000000d5580000)
  object space 1398272K, 99% used [0x0000000080000000,0x00000000d551b170,0x00000000d5580000)
 Metaspace       used 40020K, committed 41216K, reserved 1114112K
  class space    used 3818K, committed 4352K, reserved 1048576K
GC Heap History (20 events):
Event: 3454.349 GC heap after
{Heap after GC invocations=19510 (full 3386):
 PSYoungGen      total 33280K, used 29695K [0x00000000d5580000, 0x00000000d7a00000, 0x0000000100000000)
  eden space 29696K, 99% used [0x00000000d5580000,0x00000000d727ffb0,0x00000000d7280000)
  from space 3584K, 0% used [0x00000000d7280000,0x00000000d7280000,0x00000000d7600000)
  to   space 2560K, 0% used [0x00000000d7600000,0x00000000d7600000,0x00000000d7880000)
 ParOldGen       total 1398272K, used 1397869K [0x0000000080000000, 0x00000000d5580000, 0x00000000d5580000)
  object space 1398272K, 99% used [0x0000000080000000,0x00000000d551b748,0x00000000d5580000)
 Metaspace       used 40020K, committed 41216K, reserved 1114112K
  class space    used 3818K, committed 4352K, reserved 1048576K
}
Event: 3454.350 GC heap before
{Heap before GC invocations=19511 (full 3387):
 PSYoungGen      total 33280K, used 29696K [0x00000000d5580000, 0x00000000d7a00000, 0x0000000100000000)
  eden space 29696K, 100% used [0x00000000d5580000,0x00000000d7280000,0x00000000d7280000)
  from space 3584K, 0% used [0x00000000d7280000,0x00000000d7280000,0x00000000d7600000)
  to   space 2560K, 0% used [0x00000000d7600000,0x00000000d7600000,0x00000000d7880000)
 ParOldGen       total 1398272K, used 1397869K [0x0000000080000000, 0x00000000d5580000, 0x00000000d5580000)
  object space 1398272K, 99% used [0x0000000080000000,0x00000000d551b748,0x00000000d5580000)
 Metaspace       used 40020K, committed 41216K, reserved 1114112K
  class space    used 3818K, committed 4352K, reserved 1048576K
}
Event: 3455.046 GC heap after
{Heap after GC invocations=19511 (full 3387):
 PSYoungGen      total 32256K, used 29695K [0x00000000d5580000, 0x00000000d7a00000, 0x0000000100000000)
  eden space 29696K, 99% used [0x00000000d5580000,0x00000000d727ffe0,0x00000000d7280000)
  from space 2560K, 0% used [0x00000000d7600000,0x00000000d7600000,0x00000000d7880000)
  to   space 3584K, 0% used [0x00000000d7280000,0x00000000d7280000,0x00000000d7600000)
 ParOldGen       total 1398272K, used 1397869K [0x0000000080000000, 0x00000000d5580000, 0x00000000d5580000)
  object space 1398272K, 99% used [0x0000000080000000,0x00000000d551b748,0x00000000d5580000)
 Metaspace       used 40020K, committed 41216K, reserved 1114112K
  class space    used 3818K, committed 4352K, reserved 1048576K
}
Event: 3455.046 GC heap before
{Heap before GC invocations=19512 (full 3388):
 PSYoungGen      total 32256K, used 29695K [0x00000000d5580000, 0x00000000d7a00000, 0x0000000100000000)
  eden space 29696K, 99% used [0x00000000d5580000,0x00000000d727fff0,0x00000000d7280000)
  from space 2560K, 0% used [0x00000000d7600000,0x00000000d7600000,0x00000000d7880000)
  to   space 3584K, 0% used [0x00000000d7280000,0x00000000d7280000,0x00000000d7600000)
 ParOldGen       total 1398272K, used 1397869K [0x0000000080000000, 0x00000000d5580000, 0x00000000d5580000)
  object space 1398272K, 99% used [0x0000000080000000,0x00000000d551b748,0x00000000d5580000)
 Metaspace       used 40020K, committed 41216K, reserved 1114112K
  class space    used 3818K, committed 4352K, reserved 1048576K
}
Event: 3455.716 GC heap after
{Heap after GC invocations=19512 (full 3388):
 PSYoungGen      total 33280K, used 29695K [0x00000000d5580000, 0x00000000d7a00000, 0x0000000100000000)
  eden space 29696K, 99% used [0x00000000d5580000,0x00000000d727ffd0,0x00000000d7280000)
  from space 3584K, 0% used [0x00000000d7280000,0x00000000d7280000,0x00000000d7600000)
  to   space 2560K, 0% used [0x00000000d7600000,0x00000000d7600000,0x00000000d7880000)
 ParOldGen       total 1398272K, used 1397869K [0x0000000080000000, 0x00000000d5580000, 0x00000000d5580000)
  object space 1398272K, 99% used [0x0000000080000000,0x00000000d551b748,0x00000000d5580000)
 Metaspace       used 40020K, committed 41216K, reserved 1114112K
  class space    used 3818K, committed 4352K, reserved 1048576K
}
Event: 3455.716 GC heap before
{Heap before GC invocations=19513 (full 3389):
 PSYoungGen      total 33280K, used 29695K [0x00000000d5580000, 0x00000000d7a00000, 0x0000000100000000)
  eden space 29696K, 99% used [0x00000000d5580000,0x00000000d727fff0,0x00000000d7280000)
  from space 3584K, 0% used [0x00000000d7280000,0x00000000d7280000,0x00000000d7600000)
  to   space 2560K, 0% used [0x00000000d7600000,0x00000000d7600000,0x00000000d7880000)
 ParOldGen       total 1398272K, used 1397869K [0x0000000080000000, 0x00000000d5580000, 0x00000000d5580000)
  object space 1398272K, 99% used [0x0000000080000000,0x00000000d551b748,0x00000000d5580000)
 Metaspace       used 40020K, committed 41216K, reserved 1114112K
  class space    used 3818K, committed 4352K, reserved 1048576K
}
Event: 3456.402 GC heap after
{Heap after GC invocations=19513 (full 3389):
 PSYoungGen      total 32256K, used 29695K [0x00000000d5580000, 0x00000000d7a00000, 0x0000000100000000)
  eden space 29696K, 99% used [0x00000000d5580000,0x00000000d727fff0,0x00000000d7280000)
  from space 2560K, 0% used [0x00000000d7600000,0x00000000d7600000,0x00000000d7880000)
  to   space 3584K, 0% used [0x00000000d7280000,0x00000000d7280000,0x00000000d7600000)
 ParOldGen       total 1398272K, used 1397869K [0x0000000080000000, 0x00000000d5580000, 0x00000000d5580000)
  object space 1398272K, 99% used [0x0000000080000000,0x00000000d551b748,0x00000000d5580000)
 Metaspace       used 40020K, committed 41216K, reserved 1114112K
  class space    used 3818K, committed 4352K, reserved 1048576K
}
Event: 3456.403 GC heap before
{Heap before GC invocations=19514 (full 3390):
 PSYoungGen      total 32256K, used 29696K [0x00000000d5580000, 0x00000000d7a00000, 0x0000000100000000)
  eden space 29696K, 100% used [0x00000000d5580000,0x00000000d7280000,0x00000000d7280000)
  from space 2560K, 0% used [0x00000000d7600000,0x00000000d7600000,0x00000000d7880000)
  to   space 3584K, 0% used [0x00000000d7280000,0x00000000d7280000,0x00000000d7600000)
 ParOldGen       total 1398272K, used 1397875K [0x0000000080000000, 0x00000000d5580000, 0x00000000d5580000)
  object space 1398272K, 99% used [0x0000000080000000,0x00000000d551cdc0,0x00000000d5580000)
 Metaspace       used 40020K, committed 41216K, reserved 1114112K
  class space    used 3818K, committed 4352K, reserved 1048576K
}
Event: 3457.041 GC heap after
{Heap after GC invocations=19514 (full 3390):
 PSYoungGen      total 33280K, used 29695K [0x00000000d5580000, 0x00000000d7a00000, 0x0000000100000000)
  eden space 29696K, 99% used [0x00000000d5580000,0x00000000d727fd40,0x00000000d7280000)
  from space 3584K, 0% used [0x00000000d7280000,0x00000000d7280000,0x00000000d7600000)
  to   space 2560K, 0% used [0x00000000d7600000,0x00000000d7600000,0x00000000d7880000)
 ParOldGen       total 1398272K, used 1397870K [0x0000000080000000, 0x00000000d5580000, 0x00000000d5580000)
  object space 1398272K, 99% used [0x0000000080000000,0x00000000d551ba68,0x00000000d5580000)
 Metaspace       used 40020K, committed 41216K, reserved 1114112K
  class space    used 3818K, committed 4352K, reserved 1048576K
}
Event: 3457.041 GC heap before
{Heap before GC invocations=19515 (full 3391):
 PSYoungGen      total 33280K, used 29695K [0x00000000d5580000, 0x00000000d7a00000, 0x0000000100000000)
  eden space 29696K, 99% used [0x00000000d5580000,0x00000000d727fff0,0x00000000d7280000)
  from space 3584K, 0% used [0x00000000d7280000,0x00000000d7280000,0x00000000d7600000)
  to   space 2560K, 0% used [0x00000000d7600000,0x00000000d7600000,0x00000000d7880000)
 ParOldGen       total 1398272K, used 1397870K [0x0000000080000000, 0x00000000d5580000, 0x00000000d5580000)
  object space 1398272K, 99% used [0x0000000080000000,0x00000000d551ba68,0x00000000d5580000)
 Metaspace       used 40020K, committed 41216K, reserved 1114112K
  class space    used 3818K, committed 4352K, reserved 1048576K
}
Event: 3457.672 GC heap after
{Heap after GC invocations=19515 (full 3391):
 PSYoungGen      total 32256K, used 29695K [0x00000000d5580000, 0x00000000d7a00000, 0x0000000100000000)
  eden space 29696K, 99% used [0x00000000d5580000,0x00000000d727ff80,0x00000000d7280000)
  from space 2560K, 0% used [0x00000000d7600000,0x00000000d7600000,0x00000000d7880000)
  to   space 3584K, 0% used [0x00000000d7280000,0x00000000d7280000,0x00000000d7600000)
 ParOldGen       total 1398272K, used 1397870K [0x0000000080000000, 0x00000000d5580000, 0x00000000d5580000)
  object space 1398272K, 99% used [0x0000000080000000,0x00000000d551b8e0,0x00000000d5580000)
 Metaspace       used 40020K, committed 41216K, reserved 1114112K
  class space    used 3818K, committed 4352K, reserved 1048576K
}
Event: 3457.672 GC heap before
{Heap before GC invocations=19516 (full 3392):
 PSYoungGen      total 32256K, used 29695K [0x00000000d5580000, 0x00000000d7a00000, 0x0000000100000000)
  eden space 29696K, 99% used [0x00000000d5580000,0x00000000d727fff8,0x00000000d7280000)
  from space 2560K, 0% used [0x00000000d7600000,0x00000000d7600000,0x00000000d7880000)
  to   space 3584K, 0% used [0x00000000d7280000,0x00000000d7280000,0x00000000d7600000)
 ParOldGen       total 1398272K, used 1397870K [0x0000000080000000, 0x00000000d5580000, 0x00000000d5580000)
  object space 1398272K, 99% used [0x0000000080000000,0x00000000d551b8e0,0x00000000d5580000)
 Metaspace       used 40020K, committed 41216K, reserved 1114112K
  class space    used 3818K, committed 4352K, reserved 1048576K
}
Event: 3458.392 GC heap after
{Heap after GC invocations=19516 (full 3392):
 PSYoungGen      total 33280K, used 29695K [0x00000000d5580000, 0x00000000d7a00000, 0x0000000100000000)
  eden space 29696K, 99% used [0x00000000d5580000,0x00000000d727ffd8,0x00000000d7280000)
  from space 3584K, 0% used [0x00000000d7280000,0x00000000d7280000,0x00000000d7600000)
  to   space 2560K, 0% used [0x00000000d7600000,0x00000000d7600000,0x00000000d7880000)
 ParOldGen       total 1398272K, used 1397870K [0x0000000080000000, 0x00000000d5580000, 0x00000000d5580000)
  object space 1398272K, 99% used [0x0000000080000000,0x00000000d551b8e0,0x00000000d5580000)
 Metaspace       used 40020K, committed 41216K, reserved 1114112K
  class space    used 3818K, committed 4352K, reserved 1048576K
}
Event: 3458.392 GC heap before
{Heap before GC invocations=19517 (full 3393):
 PSYoungGen      total 33280K, used 29695K [0x00000000d5580000, 0x00000000d7a00000, 0x0000000100000000)
  eden space 29696K, 99% used [0x00000000d5580000,0x00000000d727fff8,0x00000000d7280000)
  from space 3584K, 0% used [0x00000000d7280000,0x00000000d7280000,0x00000000d7600000)
  to   space 2560K, 0% used [0x00000000d7600000,0x00000000d7600000,0x00000000d7880000)
 ParOldGen       total 1398272K, used 1397870K [0x0000000080000000, 0x00000000d5580000, 0x00000000d5580000)
  object space 1398272K, 99% used [0x0000000080000000,0x00000000d551b8e0,0x00000000d5580000)
 Metaspace       used 40020K, committed 41216K, reserved 1114112K
  class space    used 3818K, committed 4352K, reserved 1048576K
}
Event: 3459.120 GC heap after
{Heap after GC invocations=19517 (full 3393):
 PSYoungGen      total 32256K, used 29695K [0x00000000d5580000, 0x00000000d7a00000, 0x0000000100000000)
  eden space 29696K, 99% used [0x00000000d5580000,0x00000000d727ffd8,0x00000000d7280000)
  from space 2560K, 0% used [0x00000000d7600000,0x00000000d7600000,0x00000000d7880000)
  to   space 3584K, 0% used [0x00000000d7280000,0x00000000d7280000,0x00000000d7600000)
 ParOldGen       total 1398272K, used 1397870K [0x0000000080000000, 0x00000000d5580000, 0x00000000d5580000)
  object space 1398272K, 99% used [0x0000000080000000,0x00000000d551b8e0,0x00000000d5580000)
 Metaspace       used 40020K, committed 41216K, reserved 1114112K
  class space    used 3818K, committed 4352K, reserved 1048576K
}
Event: 3459.120 GC heap before
{Heap before GC invocations=19518 (full 3394):
 PSYoungGen      total 32256K, used 29695K [0x00000000d5580000, 0x00000000d7a00000, 0x0000000100000000)
  eden space 29696K, 99% used [0x00000000d5580000,0x00000000d727fff8,0x00000000d7280000)
  from space 2560K, 0% used [0x00000000d7600000,0x00000000d7600000,0x00000000d7880000)
  to   space 3584K, 0% used [0x00000000d7280000,0x00000000d7280000,0x00000000d7600000)
 ParOldGen       total 1398272K, used 1397870K [0x0000000080000000, 0x00000000d5580000, 0x00000000d5580000)
  object space 1398272K, 99% used [0x0000000080000000,0x00000000d551b8e0,0x00000000d5580000)
 Metaspace       used 40020K, committed 41216K, reserved 1114112K
  class space    used 3818K, committed 4352K, reserved 1048576K
}
Event: 3459.833 GC heap after
{Heap after GC invocations=19518 (full 3394):
 PSYoungGen      total 33280K, used 29695K [0x00000000d5580000, 0x00000000d7a00000, 0x0000000100000000)
  eden space 29696K, 99% used [0x00000000d5580000,0x00000000d727fff8,0x00000000d7280000)
  from space 3584K, 0% used [0x00000000d7280000,0x00000000d7280000,0x00000000d7600000)
  to   space 2560K, 0% used [0x00000000d7600000,0x00000000d7600000,0x00000000d7880000)
 ParOldGen       total 1398272K, used 1397870K [0x0000000080000000, 0x00000000d5580000, 0x00000000d5580000)
  object space 1398272K, 99% used [0x0000000080000000,0x00000000d551b8e0,0x00000000d5580000)
 Metaspace       used 40020K, committed 41216K, reserved 1114112K
  class space    used 3818K, committed 4352K, reserved 1048576K
}
Event: 3459.833 GC heap before
{Heap before GC invocations=19519 (full 3395):
 PSYoungGen      total 33280K, used 29695K [0x00000000d5580000, 0x00000000d7a00000, 0x0000000100000000)
  eden space 29696K, 99% used [0x00000000d5580000,0x00000000d727fff8,0x00000000d7280000)
  from space 3584K, 0% used [0x00000000d7280000,0x00000000d7280000,0x00000000d7600000)
  to   space 2560K, 0% used [0x00000000d7600000,0x00000000d7600000,0x00000000d7880000)
 ParOldGen       total 1398272K, used 1397874K [0x0000000080000000, 0x00000000d5580000, 0x00000000d5580000)
  object space 1398272K, 99% used [0x0000000080000000,0x00000000d551caa0,0x00000000d5580000)
 Metaspace       used 40020K, committed 41216K, reserved 1114112K
  class space    used 3818K, committed 4352K, reserved 1048576K
}
Event: 3485.826 GC heap after
{Heap after GC invocations=19519 (full 3395):
 PSYoungGen      total 32256K, used 29694K [0x00000000d5580000, 0x00000000d7a00000, 0x0000000100000000)
  eden space 29696K, 99% used [0x00000000d5580000,0x00000000d727fb90,0x00000000d7280000)
  from space 2560K, 0% used [0x00000000d7600000,0x00000000d7600000,0x00000000d7880000)
  to   space 3584K, 0% used [0x00000000d7280000,0x00000000d7280000,0x00000000d7600000)
 ParOldGen       total 1398272K, used 1397868K [0x0000000080000000, 0x00000000d5580000, 0x00000000d5580000)
  object space 1398272K, 99% used [0x0000000080000000,0x00000000d551b170,0x00000000d5580000)
 Metaspace       used 40020K, committed 41216K, reserved 1114112K
  class space    used 3818K, committed 4352K, reserved 1048576K
}
Event: 3485.826 GC heap before
{Heap before GC invocations=19520 (full 3396):
 PSYoungGen      total 32256K, used 29696K [0x00000000d5580000, 0x00000000d7a00000, 0x0000000100000000)
  eden space 29696K, 100% used [0x00000000d5580000,0x00000000d7280000,0x00000000d7280000)
  from space 2560K, 0% used [0x00000000d7600000,0x00000000d7600000,0x00000000d7880000)
  to   space 3584K, 0% used [0x00000000d7280000,0x00000000d7280000,0x00000000d7600000)
 ParOldGen       total 1398272K, used 1397868K [0x0000000080000000, 0x00000000d5580000, 0x00000000d5580000)
  object space 1398272K, 99% used [0x0000000080000000,0x00000000d551b170,0x00000000d5580000)
 Metaspace       used 40020K, committed 41216K, reserved 1114112K
  class space    used 3818K, committed 4352K, reserved 1048576K
}

